<?xml version="1.0" encoding="UTF-8"?>
<!-- Generated by org.testng.reporters.JUnitReportReporter -->
<testsuite skipped="0" hostname="singhk2x-MOBL" name="testPackage.FbCreateAccountTest" tests="1" failures="0" timestamp="2020-01-27T13:08:31 IST" time="42.042" errors="0">
  <testcase name="fillFBCreateAccount" time="42.042" classname="testPackage.FbCreateAccountTest"/>
</testsuite> <!-- testPackage.FbCreateAccountTest -->
